Failed to import warp: No module named 'warp'
Failed to import mujoco_warp: No module named 'warp'
initializing network ...
loading trajectories ...
  50 converged trajectories of length T=1000
building MJX model ...
building optimizer ...
training: 10000 iterations, batch=64, H=300, w=100
  iter     0  loss = 0.058218
  iter    50  loss = 0.056535
  iter   100  loss = 0.034853
  iter   150  loss = 0.033865
  iter   200  loss = 0.020848
  iter   250  loss = 0.026948
  iter   300  loss = 0.025677
  iter   350  loss = 0.016003
  iter   400  loss = 0.020051
  iter   450  loss = 0.018966
  iter   500  loss = 0.018082
  iter   550  loss = 0.023392
  iter   600  loss = 0.018477
  iter   650  loss = 0.017510
  iter   700  loss = 0.022644
  iter   750  loss = 0.018936
  iter   800  loss = 0.013419
  iter   850  loss = 0.016708
  iter   900  loss = 0.016440
  iter   950  loss = 0.015489
  iter  1000  loss = 0.011250
  iter  1050  loss = 0.011774
  iter  1100  loss = 0.007892
  iter  1150  loss = 0.010416
  iter  1200  loss = 0.007598
  iter  1250  loss = 0.015056
  iter  1300  loss = 0.016608
  iter  1350  loss = 0.020759
  iter  1400  loss = 0.010435
  iter  1450  loss = 0.012624
  iter  1500  loss = 0.011285
  iter  1550  loss = 0.004762
  iter  1600  loss = 0.007288
  iter  1650  loss = 0.006649
  iter  1700  loss = 0.004134
  iter  1750  loss = 0.012035
  iter  1800  loss = 0.009873
  iter  1850  loss = 0.010725
  iter  1900  loss = 0.009263
  iter  1950  loss = 0.004204
  iter  2000  loss = 0.014331
  iter  2050  loss = 0.004893
  iter  2100  loss = 0.004588
  iter  2150  loss = 0.010106
  iter  2200  loss = 0.006062
  iter  2250  loss = 0.009700
  iter  2300  loss = 0.004934
  iter  2350  loss = 0.006250
  iter  2400  loss = 0.006226
  iter  2450  loss = 0.004831
  iter  2500  loss = 0.004178
  iter  2550  loss = 0.005438
  iter  2600  loss = 0.004830
  iter  2650  loss = 0.002542
  iter  2700  loss = 0.002826
  iter  2750  loss = 0.004282
  iter  2800  loss = 0.001853
  iter  2850  loss = 0.010386
  iter  2900  loss = 0.007083
  iter  2950  loss = 0.002282
  iter  3000  loss = 0.003856
  iter  3050  loss = 0.003504
  iter  3100  loss = 0.003034
  iter  3150  loss = 0.002651
  iter  3200  loss = 0.008838
  iter  3250  loss = 0.003853
  iter  3300  loss = 0.002922
  iter  3350  loss = 0.002426
  iter  3400  loss = 0.009550
  iter  3450  loss = 0.005466
  iter  3500  loss = 0.008504
  iter  3550  loss = 0.004243
  iter  3600  loss = 0.002445
  iter  3650  loss = 0.003963
  iter  3700  loss = 0.004502
  iter  3750  loss = 0.004919
  iter  3800  loss = 0.001528
  iter  3850  loss = 0.003184
  iter  3900  loss = 0.002153
  iter  3950  loss = 0.002218
  iter  4000  loss = 0.002528
  iter  4050  loss = 0.006757
  iter  4100  loss = 0.001964
  iter  4150  loss = 0.002145
  iter  4200  loss = 0.001224
  iter  4250  loss = 0.004228
  iter  4300  loss = 0.004585
  iter  4350  loss = 0.002939
  iter  4400  loss = 0.002198
  iter  4450  loss = 0.002360
  iter  4500  loss = 0.005212
  iter  4550  loss = 0.001481
  iter  4600  loss = 0.001918
  iter  4650  loss = 0.003656
  iter  4700  loss = 0.001269
  iter  4750  loss = 0.002854
  iter  4800  loss = 0.001870
  iter  4850  loss = 0.003775
  iter  4900  loss = 0.002251
  iter  4950  loss = 0.001108
  iter  5000  loss = 0.002523
  iter  5050  loss = 0.008954
  iter  5100  loss = 0.001441
  iter  5150  loss = 0.003457
  iter  5200  loss = 0.006004
  iter  5250  loss = 0.001803
  iter  5300  loss = 0.004788
  iter  5350  loss = 0.006292
  iter  5400  loss = 0.004259
  iter  5450  loss = 0.002186
  iter  5500  loss = 0.003361
  iter  5550  loss = 0.001063
  iter  5600  loss = 0.003212
  iter  5650  loss = 0.001737
  iter  5700  loss = 0.000705
  iter  5750  loss = 0.002317
  iter  5800  loss = 0.002318
  iter  5850  loss = 0.001593
  iter  5900  loss = 0.001098
  iter  5950  loss = 0.001464
  iter  6000  loss = 0.006624
  iter  6050  loss = 0.000723
  iter  6100  loss = 0.000995
  iter  6150  loss = 0.001207
  iter  6200  loss = 0.000938
  iter  6250  loss = 0.001624
  iter  6300  loss = 0.001148
  iter  6350  loss = 0.000845
  iter  6400  loss = 0.000901
  iter  6450  loss = 0.004929
  iter  6500  loss = 0.004226
  iter  6550  loss = 0.001569
  iter  6600  loss = 0.000779
  iter  6650  loss = 0.001593
  iter  6700  loss = 0.003281
  iter  6750  loss = 0.002576
  iter  6800  loss = 0.000870
  iter  6850  loss = 0.000938
  iter  6900  loss = 0.001242
  iter  6950  loss = 0.003937
  iter  7000  loss = 0.001370
  iter  7050  loss = 0.006398
  iter  7100  loss = 0.001499
  iter  7150  loss = 0.001153
  iter  7200  loss = 0.001145
  iter  7250  loss = 0.001825
  iter  7300  loss = 0.002812
  iter  7350  loss = 0.000559
  iter  7400  loss = 0.000821
  iter  7450  loss = 0.001321
  iter  7500  loss = 0.000798
  iter  7550  loss = 0.001217
  iter  7600  loss = 0.000756
  iter  7650  loss = 0.001524
  iter  7700  loss = 0.000665
  iter  7750  loss = 0.002758
  iter  7800  loss = 0.001467
  iter  7850  loss = 0.002746
  iter  7900  loss = 0.001348
  iter  7950  loss = 0.001756
  iter  8000  loss = 0.001735
  iter  8050  loss = 0.000940
  iter  8100  loss = 0.003009
  iter  8150  loss = 0.000673
  iter  8200  loss = 0.001116
  iter  8250  loss = 0.001238
  iter  8300  loss = 0.001101
  iter  8350  loss = 0.001647
  iter  8400  loss = 0.001067
  iter  8450  loss = 0.001268
  iter  8500  loss = 0.000723
  iter  8550  loss = 0.001200
  iter  8600  loss = 0.000802
  iter  8650  loss = 0.000774
  iter  8700  loss = 0.002098
  iter  8750  loss = 0.001146
  iter  8800  loss = 0.000761
  iter  8850  loss = 0.000997
  iter  8900  loss = 0.000469
  iter  8950  loss = 0.001413
  iter  9000  loss = 0.001209
  iter  9050  loss = 0.000359
  iter  9100  loss = 0.000542
  iter  9150  loss = 0.003375
  iter  9200  loss = 0.001483
  iter  9250  loss = 0.000624
  iter  9300  loss = 0.000535
  iter  9350  loss = 0.000327
  iter  9400  loss = 0.001286
  iter  9450  loss = 0.001797
  iter  9500  loss = 0.002093
  iter  9550  loss = 0.000463
  iter  9600  loss = 0.001086
  iter  9650  loss = 0.001497
  iter  9700  loss = 0.000853
  iter  9750  loss = 0.000846
  iter  9800  loss = 0.000982
  iter  9850  loss = 0.000724
  iter  9900  loss = 0.000445
  iter  9950  loss = 0.002289
  iter  9999  loss = 0.001162
saved /workspace/outputs/double_pendulum/oracle_params.pkl
saved /workspace/outputs/double_pendulum/oracle_loss_history.npy
