Failed to import warp: No module named 'warp'
Failed to import mujoco_warp: No module named 'warp'
initializing network ...
loading trajectories ...
  50 converged trajectories of length T=1000
building MJX model ...
building optimizer ...
training: 10000 iterations, batch=64, H=300, w=100
  iter     0  loss = 0.058218
  iter    50  loss = 0.057886
  iter   100  loss = 0.042276
  iter   150  loss = 0.039966
  iter   200  loss = 0.021006
  iter   250  loss = 0.029657
  iter   300  loss = 0.020253
  iter   350  loss = 0.013737
  iter   400  loss = 0.019369
  iter   450  loss = 0.019802
  iter   500  loss = 0.017931
  iter   550  loss = 0.025020
  iter   600  loss = 0.024500
  iter   650  loss = 0.017491
  iter   700  loss = 0.024688
  iter   750  loss = 0.020877
  iter   800  loss = 0.017460
  iter   850  loss = 0.014177
  iter   900  loss = 0.019367
  iter   950  loss = 0.022746
  iter  1000  loss = 0.016304
  iter  1050  loss = 0.016095
  iter  1100  loss = 0.012868
  iter  1150  loss = 0.013331
  iter  1200  loss = 0.007202
  iter  1250  loss = 0.014464
  iter  1300  loss = 0.011980
  iter  1350  loss = 0.019272
  iter  1400  loss = 0.011651
  iter  1450  loss = 0.013587
  iter  1500  loss = 0.010622
  iter  1550  loss = 0.008208
  iter  1600  loss = 0.007645
  iter  1650  loss = 0.005777
  iter  1700  loss = 0.005900
  iter  1750  loss = 0.008178
  iter  1800  loss = 0.008124
  iter  1850  loss = 0.010327
  iter  1900  loss = 0.011502
  iter  1950  loss = 0.006775
  iter  2000  loss = 0.010084
  iter  2050  loss = 0.008062
  iter  2100  loss = 0.005359
  iter  2150  loss = 0.007841
  iter  2200  loss = 0.007716
  iter  2250  loss = 0.012031
  iter  2300  loss = 0.011662
  iter  2350  loss = 0.008561
  iter  2400  loss = 0.004226
  iter  2450  loss = 0.009644
  iter  2500  loss = 0.008877
  iter  2550  loss = 0.003946
  iter  2600  loss = 0.004965
  iter  2650  loss = 0.006034
  iter  2700  loss = 0.003930
  iter  2750  loss = 0.002190
  iter  2800  loss = 0.005299
  iter  2850  loss = 0.004935
  iter  2900  loss = 0.003302
  iter  2950  loss = 0.004993
  iter  3000  loss = 0.004291
  iter  3050  loss = 0.005089
  iter  3100  loss = 0.007358
  iter  3150  loss = 0.005284
  iter  3200  loss = 0.004401
  iter  3250  loss = 0.006204
  iter  3300  loss = 0.004884
  iter  3350  loss = 0.002686
  iter  3400  loss = 0.004996
  iter  3450  loss = 0.003496
  iter  3500  loss = 0.003426
  iter  3550  loss = 0.002146
  iter  3600  loss = 0.002171
  iter  3650  loss = 0.003039
  iter  3700  loss = 0.004382
  iter  3750  loss = 0.003735
  iter  3800  loss = 0.002000
  iter  3850  loss = 0.005372
  iter  3900  loss = 0.002751
  iter  3950  loss = 0.003576
  iter  4000  loss = 0.004782
  iter  4050  loss = 0.002011
  iter  4100  loss = 0.001973
  iter  4150  loss = 0.002340
  iter  4200  loss = 0.003232
  iter  4250  loss = 0.005271
  iter  4300  loss = 0.003147
  iter  4350  loss = 0.002472
  iter  4400  loss = 0.001761
  iter  4450  loss = 0.002652
  iter  4500  loss = 0.002063
  iter  4550  loss = 0.001447
  iter  4600  loss = 0.001516
  iter  4650  loss = 0.001554
  iter  4700  loss = 0.004495
  iter  4750  loss = 0.003603
  iter  4800  loss = 0.002219
  iter  4850  loss = 0.006401
  iter  4900  loss = 0.000842
  iter  4950  loss = 0.001442
  iter  5000  loss = 0.001334
  iter  5050  loss = 0.004656
  iter  5100  loss = 0.003951
  iter  5150  loss = 0.004625
  iter  5200  loss = 0.002886
  iter  5250  loss = 0.001862
  iter  5300  loss = 0.001985
  iter  5350  loss = 0.001953
  iter  5400  loss = 0.006363
  iter  5450  loss = 0.001753
  iter  5500  loss = 0.004080
  iter  5550  loss = 0.001615
  iter  5600  loss = 0.003194
  iter  5650  loss = 0.001553
  iter  5700  loss = 0.000949
  iter  5750  loss = 0.006363
  iter  5800  loss = 0.002460
  iter  5850  loss = 0.001442
  iter  5900  loss = 0.001129
  iter  5950  loss = 0.003167
  iter  6000  loss = 0.003480
  iter  6050  loss = 0.002707
  iter  6100  loss = 0.001213
  iter  6150  loss = 0.002310
  iter  6200  loss = 0.000963
  iter  6250  loss = 0.002908
  iter  6300  loss = 0.001726
  iter  6350  loss = 0.000857
  iter  6400  loss = 0.004211
  iter  6450  loss = 0.004223
  iter  6500  loss = 0.001149
  iter  6550  loss = 0.001468
  iter  6600  loss = 0.000752
  iter  6650  loss = 0.001944
  iter  6700  loss = 0.001913
  iter  6750  loss = 0.001889
  iter  6800  loss = 0.000631
  iter  6850  loss = 0.001234
  iter  6900  loss = 0.001341
  iter  6950  loss = 0.001248
  iter  7000  loss = 0.005091
  iter  7050  loss = 0.000752
  iter  7100  loss = 0.001708
  iter  7150  loss = 0.001804
  iter  7200  loss = 0.001114
  iter  7250  loss = 0.003527
  iter  7300  loss = 0.001474
  iter  7350  loss = 0.000867
  iter  7400  loss = 0.001029
  iter  7450  loss = 0.001809
  iter  7500  loss = 0.002442
  iter  7550  loss = 0.000720
  iter  7600  loss = 0.001873
  iter  7650  loss = 0.001376
  iter  7700  loss = 0.001096
  iter  7750  loss = 0.001912
  iter  7800  loss = 0.001656
  iter  7850  loss = 0.000968
  iter  7900  loss = 0.001579
  iter  7950  loss = 0.001701
  iter  8000  loss = 0.002101
  iter  8050  loss = 0.001573
  iter  8100  loss = 0.000739
  iter  8150  loss = 0.000690
  iter  8200  loss = 0.000927
  iter  8250  loss = 0.000724
  iter  8300  loss = 0.003454
  iter  8350  loss = 0.002843
  iter  8400  loss = 0.001454
  iter  8450  loss = 0.000869
  iter  8500  loss = 0.001080
  iter  8550  loss = 0.001225
  iter  8600  loss = 0.000812
  iter  8650  loss = 0.002120
  iter  8700  loss = 0.001022
  iter  8750  loss = 0.000795
  iter  8800  loss = 0.002190
  iter  8850  loss = 0.004097
  iter  8900  loss = 0.001201
  iter  8950  loss = 0.001047
  iter  9000  loss = 0.001229
  iter  9050  loss = 0.000620
  iter  9100  loss = 0.000594
  iter  9150  loss = 0.001096
  iter  9200  loss = 0.001108
  iter  9250  loss = 0.002573
  iter  9300  loss = 0.001579
  iter  9350  loss = 0.000510
  iter  9400  loss = 0.001694
  iter  9450  loss = 0.000779
  iter  9500  loss = 0.000562
  iter  9550  loss = 0.000920
  iter  9600  loss = 0.000703
  iter  9650  loss = 0.001227
  iter  9700  loss = 0.001358
  iter  9750  loss = 0.003058
  iter  9800  loss = 0.001053
  iter  9850  loss = 0.000830
  iter  9900  loss = 0.000810
  iter  9950  loss = 0.001491
  iter  9999  loss = 0.001116
saved /workspace/outputs/double_pendulum/pure_params.pkl
saved /workspace/outputs/double_pendulum/pure_loss_history.npy
